[0.067s] Traceback (most recent call last):
  File "/usr/lib/python3/dist-packages/colcon_core/executor/__init__.py", line 91, in __call__
    rc = await self.task(*args, **kwargs)
  File "/usr/lib/python3/dist-packages/colcon_core/task/__init__.py", line 93, in __call__
    return await task_method(*args, **kwargs)
  File "/usr/lib/python3/dist-packages/colcon_ros/task/ament_python/build.py", line 102, in build
    return await extension.build(additional_hooks=additional_hooks)
  File "/usr/lib/python3/dist-packages/colcon_core/task/python/build.py", line 94, in build
    available_commands = await self._get_available_commands(
  File "/usr/lib/python3/dist-packages/colcon_core/task/python/build.py", line 192, in _get_available_commands
    output = await check_output(
  File "/usr/lib/python3/dist-packages/colcon_core/subprocess.py", line 129, in check_output
    assert not rc, f'Expected {args} to pass: {stderr_data}'
AssertionError: Expected ['/usr/bin/python3', '-W', 'ignore:setup.py install is deprecated', 'setup.py', '--help-commands'] to pass: Traceback (most recent call last):
  File "setup.py", line 1, in <module>
    from setuptools import setup, find_packages
  File "/usr/local/lib/python3.8/dist-packages/setuptools/__init__.py", line 12, in <module>
    from setuptools.extension import Extension
  File "/usr/local/lib/python3.8/dist-packages/setuptools/extension.py", line 7, in <module>
    from setuptools.dist import _get_unpatched
  File "/usr/local/lib/python3.8/dist-packages/setuptools/dist.py", line 16, in <module>
    import pkg_resources
  File "/usr/local/lib/python3.8/dist-packages/pkg_resources.py", line 1479, in <module>
    register_loader_type(importlib_bootstrap.SourceFileLoader, DefaultProvider)
AttributeError: module 'importlib._bootstrap' has no attribute 'SourceFileLoader'

